\BOOKMARK [-1][-]{front.-1}{Front Matter}{}% 1
\BOOKMARK [0][-]{chapter*.1}{Table of Contents}{front.-1}% 2
\BOOKMARK [0][-]{chapter*.2}{List of Tables}{front.-1}% 3
\BOOKMARK [0][-]{chapter*.3}{List of Figures}{front.-1}% 4
\BOOKMARK [0][-]{chapter*.4}{List of Plates}{front.-1}% 5
\BOOKMARK [0][-]{chapter*.5}{List of Abbreviations}{front.-1}% 6
\BOOKMARK [0][-]{chapter*.6}{List of Symbols}{front.-1}% 7
\BOOKMARK [0][-]{chapter*.7}{Abstrak}{front.-1}% 8
\BOOKMARK [0][-]{chapter*.8}{Abstract}{front.-1}% 9
\BOOKMARK [-1][-]{main.-1}{Main Chapters}{}% 10
\BOOKMARK [0][-]{chapter.9}{1 INTRODUCTION}{main.-1}% 11
\BOOKMARK [1][-]{section.10}{1.1 Biosecurity and Policies}{chapter.9}% 12
\BOOKMARK [1][-]{section.12}{1.2 Problem Statement}{chapter.9}% 13
\BOOKMARK [1][-]{section.13}{1.3 Research Questions and Research Hypotheses}{chapter.9}% 14
\BOOKMARK [1][-]{section.14}{1.4 Research Objectives}{chapter.9}% 15
\BOOKMARK [1][-]{section.15}{1.5 Scope and Limitations}{chapter.9}% 16
\BOOKMARK [1][-]{section.16}{1.6 Significance of the Research}{chapter.9}% 17
\BOOKMARK [1][-]{section.17}{1.7 Organization of the Thesis}{chapter.9}% 18
\BOOKMARK [0][-]{chapter.18}{2 Citations and Bibliography}{main.-1}% 19
\BOOKMARK [1][-]{section.19}{2.1 The *.bib File}{chapter.18}% 20
\BOOKMARK [1][-]{section.31}{2.2 Citations using the natbib package}{chapter.18}% 21
\BOOKMARK [0][-]{chapter.36}{3 Figures, Tables, Equations, Algorithms, etc}{main.-1}% 22
\BOOKMARK [1][-]{section.37}{3.1 Inserting Figures}{chapter.36}% 23
\BOOKMARK [1][-]{section.45}{3.2 How Do I Do Subfigures?}{chapter.36}% 24
\BOOKMARK [1][-]{section.64}{3.3 Inserting Plates}{chapter.36}% 25
\BOOKMARK [1][-]{section.72}{3.4 Inserting Tables}{chapter.36}% 26
\BOOKMARK [1][-]{section.104}{3.5 Full-paged, Sideways Figures and Tables}{chapter.36}% 27
\BOOKMARK [1][-]{section.112}{3.6 Mathematical Equations}{chapter.36}% 28
\BOOKMARK [1][-]{section.138}{3.7 Acronyms}{chapter.36}% 29
\BOOKMARK [1][-]{section.148}{3.8 Typesetting Algorithms}{chapter.36}% 30
\BOOKMARK [1][-]{section.171}{3.9 Program Listings}{chapter.36}% 31
\BOOKMARK [0][-]{chapter.221}{4 Implementation}{main.-1}% 32
\BOOKMARK [1][-]{section.222}{4.1 Printing Your Thesis}{chapter.221}% 33
\BOOKMARK [0][-]{chapter.223}{5 Discussion}{main.-1}% 34
\BOOKMARK [0][-]{chapter.224}{6 Conclusion}{main.-1}% 35
\BOOKMARK [0][-]{chapter*.225}{References}{main.-1}% 36
\BOOKMARK [-1][-]{section*.226}{Appendices}{}% 37
\BOOKMARK [0][-]{appendix.227}{A Data Used}{section*.226}% 38
\BOOKMARK [0][-]{appendix.228}{B UML Diagrams}{section*.226}% 39
